{
  "RSpec": {
    "coverage": {
      "/Users/KarenMak/Code/Project2/Karmaforge/app/models/item.rb": [
        1,
        1,
        1,
        1,
        null,
        1,
        1,
        1,
        null
      ],
      "/Users/KarenMak/Code/Project2/Karmaforge/spec/models/location_spec.rb": [
        1,
        null,
        1,
        1,
        2,
        2,
        null,
        null,
        1,
        2,
        2,
        null,
        null,
        null
      ],
      "/Users/KarenMak/Code/Project2/Karmaforge/app/models/location.rb": [
        1,
        1,
        1,
        1,
        null,
        1,
        1,
        null
      ]
    },
    "timestamp": 1393865313
  }
}
